<?xml version="1.0" encoding="UTF-8"?>
<!-- Generated by org.testng.reporters.JUnitReportReporter -->
<testsuite hostname="LAPTOP-KUSUM" failures="0" tests="1" name="TestRunner.CucumberTestRunner" time="3.050" errors="0" timestamp="2024-04-23T22:38:25 NZST" skipped="0">
  <testcase classname="TestRunner.CucumberTestRunner" name="runScenario" time="3.050"/>
</testsuite> <!-- TestRunner.CucumberTestRunner -->
