<?xml version="1.0" encoding="UTF-8"?>
<!-- Generated by org.testng.reporters.JUnitReportReporter -->
<testsuite hostname="LAPTOP-KUSUM" failures="0" tests="1" name="TestRunner.CucumberTestRunner" time="6.225" errors="0" timestamp="2024-04-22T22:29:09 NZST" skipped="0">
  <testcase classname="TestRunner.CucumberTestRunner" name="runScenario" time="6.225"/>
</testsuite> <!-- TestRunner.CucumberTestRunner -->
